2025-05-16 00:27:26 INFO  TC001_AccountRegistrationTest:15 - ***** Starting TC001_AccountRegistrationTest  ****
2025-05-16 00:27:31 INFO  TC001_AccountRegistrationTest:20 - Clicked on MyAccount Link.. 
2025-05-16 00:27:39 INFO  TC001_AccountRegistrationTest:24 - Clicked on Register Link.. 
2025-05-16 00:27:44 INFO  TC001_AccountRegistrationTest:30 - Providing customer details...
2025-05-16 00:27:51 INFO  TC001_AccountRegistrationTest:44 - Validating expected message..
2025-05-16 00:27:51 INFO  TC001_AccountRegistrationTest:67 - ***** Finished TC001_AccountRegistrationTest *****
2025-05-16 00:27:57 INFO  TC002_LoginTest:17 - ****** Startign TC_002_LoginTest *****
2025-05-16 00:28:00 INFO  TC002_LoginTest:42 - ****** Finished TC_002_LoginTest *****
2025-05-16 00:29:23 INFO  TC001_AccountRegistrationTest:15 - ***** Starting TC001_AccountRegistrationTest  ****
2025-05-16 00:29:28 INFO  TC001_AccountRegistrationTest:20 - Clicked on MyAccount Link.. 
2025-05-16 00:29:36 INFO  TC001_AccountRegistrationTest:24 - Clicked on Register Link.. 
2025-05-16 00:29:41 INFO  TC001_AccountRegistrationTest:30 - Providing customer details...
2025-05-16 00:29:45 INFO  TC001_AccountRegistrationTest:44 - Validating expected message..
2025-05-16 00:29:46 INFO  TC001_AccountRegistrationTest:67 - ***** Finished TC001_AccountRegistrationTest *****
2025-05-16 00:29:52 INFO  TC002_LoginTest:17 - ****** Startign TC_002_LoginTest *****
2025-05-16 00:29:58 INFO  TC002_LoginTest:42 - ****** Finished TC_002_LoginTest *****
2025-05-16 00:31:54 INFO  TC001_AccountRegistrationTest:15 - ***** Starting TC001_AccountRegistrationTest  ****
2025-05-16 00:31:59 INFO  TC001_AccountRegistrationTest:20 - Clicked on MyAccount Link.. 
2025-05-16 00:32:08 INFO  TC001_AccountRegistrationTest:24 - Clicked on Register Link.. 
2025-05-16 00:32:13 INFO  TC001_AccountRegistrationTest:30 - Providing customer details...
2025-05-16 00:32:17 INFO  TC001_AccountRegistrationTest:44 - Validating expected message..
2025-05-16 00:32:17 INFO  TC001_AccountRegistrationTest:67 - ***** Finished TC001_AccountRegistrationTest *****
2025-05-16 00:32:25 INFO  TC002_LoginTest:17 - ****** Startign TC_002_LoginTest *****
2025-05-16 00:32:30 INFO  TC002_LoginTest:42 - ****** Finished TC_002_LoginTest *****
2025-05-16 00:37:53 INFO  TC001_AccountRegistrationTest:15 - ***** Starting TC001_AccountRegistrationTest  ****
2025-05-16 00:37:59 INFO  TC001_AccountRegistrationTest:20 - Clicked on MyAccount Link.. 
2025-05-16 00:38:06 INFO  TC001_AccountRegistrationTest:24 - Clicked on Register Link.. 
2025-05-16 00:38:11 INFO  TC001_AccountRegistrationTest:30 - Providing customer details...
2025-05-16 00:38:14 INFO  TC001_AccountRegistrationTest:44 - Validating expected message..
2025-05-16 00:38:14 INFO  TC001_AccountRegistrationTest:67 - ***** Finished TC001_AccountRegistrationTest *****
2025-05-16 00:38:20 INFO  TC002_LoginTest:17 - ****** Startign TC_002_LoginTest *****
2025-05-16 00:38:22 INFO  TC002_LoginTest:42 - ****** Finished TC_002_LoginTest *****
